#
# A fatal error has been detected by the Java Runtime Environment:
#
#  EXCEPTION_ACCESS_VIOLATION (0xc0000005) at pc=0x0000000064ff5f7c, pid=3080, tid=0x000000000000179c
#
# JRE version: OpenJDK Runtime Environment (8.0_242-b01) (build 1.8.0_242-release-1644-b01)
# Java VM: OpenJDK 64-Bit Server VM (25.242-b01 mixed mode windows-amd64 compressed oops)
# Problematic frame:
# V  [jvm.dll+0x475f7c]
#
# Failed to write core dump. Minidumps are not enabled by default on client versions of Windows
#
# If you would like to submit a bug report, please visit:
#   
#

---------------  T H R E A D  ---------------

Current thread (0x0000000015990800):  JavaThread "C2 CompilerThread0" daemon [_thread_in_native, id=6044, stack(0x00000000169e0000,0x0000000016ae0000)]

siginfo: ExceptionCode=0xc0000005, reading address 0x0000000000002028

Registers:
RAX=0x000000001dcbfd60, RBX=0x0000000000000004, RCX=0x0000000000000c21, RDX=0x0000000000002000
RSP=0x0000000016adc370, RBP=0x0000000016adc419, RSI=0x0000000000000001, RDI=0x0000000017dd7010
R8 =0x0000000017dd7080, R9 =0x0000000000000001, R10=0x0000000000000001, R11=0x0000000016adc620
R12=0x000000001bcf64b0, R13=0x0000000016adc620, R14=0x000000001bcf64a0, R15=0x0000000000000008
RIP=0x0000000064ff5f7c, EFLAGS=0x0000000000010206

Top of Stack: (sp=0x0000000016adc370)
0x0000000016adc370:   0000000016adc620 0000000000000000
0x0000000016adc380:   0000000000000006 0000000016adc4c8
0x0000000016adc390:   0000000016adc508 0000000000000001
0x0000000016adc3a0:   0000000016adc508 00000000267e5d00
0x0000000016adc3b0:   0000000000000002 0000000000000008
0x0000000016adc3c0:   0000000015954a10 0000000000000004
0x0000000016adc3d0:   00000000176b6750 0000000000000000
0x0000000016adc3e0:   00000000651ce300 0000000000007fe8
0x0000000016adc3f0:   0000000000005070 0000000000007fd8
0x0000000016adc400:   000000001dc95880 0000000015954a10
0x0000000016adc410:   0000000000000004 00000000176b6730
0x0000000016adc420:   0000000000000000 000000001dc951c0
0x0000000016adc430:   0000000000000000 00000000170a9b40
0x0000000016adc440:   0000000000000000 0000000000000169
0x0000000016adc450:   0000000000000b48 0000000016adc620
0x0000000016adc460:   0000000015954a10 00000000170ad3b0 

Instructions: (pc=0x0000000064ff5f7c)
0x0000000064ff5f5c:   01 0f 84 e0 00 00 00 8b 47 1c 45 33 c9 85 c0 74
0x0000000064ff5f6c:   2f 4c 8b 47 08 44 8b d0 49 8b 10 48 85 d2 74 17
0x0000000064ff5f7c:   8b 4a 28 49 8b 45 68 4c 39 34 c8 75 0a 48 83 7a
0x0000000064ff5f8c:   10 00 74 03 41 ff c1 49 83 c0 08 49 ff ca 75 d8 


Register to memory mapping:

RAX=0x000000001dcbfd60 is an unknown value
RBX=0x0000000000000004 is an unknown value
RCX=0x0000000000000c21 is an unknown value
RDX=0x0000000000002000 is an unknown value
RSP=0x0000000016adc370 is pointing into the stack for thread: 0x0000000015990800
RBP=0x0000000016adc419 is pointing into the stack for thread: 0x0000000015990800
RSI=0x0000000000000001 is an unknown value
RDI=0x0000000017dd7010 is an unknown value
R8 =0x0000000017dd7080 is an unknown value
R9 =0x0000000000000001 is an unknown value
R10=0x0000000000000001 is an unknown value
R11=0x0000000016adc620 is pointing into the stack for thread: 0x0000000015990800
R12=0x000000001bcf64b0 is an unknown value
R13=0x0000000016adc620 is pointing into the stack for thread: 0x0000000015990800
R14=0x000000001bcf64a0 is an unknown value
R15=0x0000000000000008 is an unknown value


Stack: [0x00000000169e0000,0x0000000016ae0000],  sp=0x0000000016adc370,  free space=1008k
Native frames: (J=compiled Java code, j=interpreted, Vv=VM code, C=native code)
V  [jvm.dll+0x475f7c]
V  [jvm.dll+0x45d528]
V  [jvm.dll+0x45e12a]
V  [jvm.dll+0x4455cc]
V  [jvm.dll+0x447fa8]
V  [jvm.dll+0x42b072]
V  [jvm.dll+0x8230f]
V  [jvm.dll+0x82c7f]
V  [jvm.dll+0x220b7f]
V  [jvm.dll+0x27276a]
C  [msvcr100.dll+0x21d9f]
C  [msvcr100.dll+0x21e3b]
C  [KERNEL32.DLL+0x17e94]
C  [ntdll.dll+0x67ad1]


Current CompileTask:
C2:1270988 16528       4       org.gradle.internal.vfs.impl.DefaultVirtualFileSystem$$Lambda$107/1013187579::get (12 bytes)


---------------  P R O C E S S  ---------------

Java Threads: ( => current thread )
  0x000000001f285800 JavaThread "Cache worker for execution history cache (C:\Users\Guadalupe\Documents\ProyectosGitHub\complementarias\.gradle\6.5\executionHistory)" [_thread_blocked, id=8136, stack(0x000000003fe60000,0x000000003ff60000)]
  0x000000001f28b800 JavaThread "Execution worker for ':'" [_thread_blocked, id=8012, stack(0x000000003fd60000,0x000000003fe60000)]
  0x000000001f28c800 JavaThread "Cache worker for file content cache (C:\Users\Guadalupe\Documents\ProyectosGitHub\complementarias\.gradle\6.5\fileContent)" [_thread_blocked, id=4520, stack(0x000000003fc60000,0x000000003fd60000)]
  0x000000001f28b000 JavaThread "Cache worker for Build Output Cleanup Cache (C:\Users\Guadalupe\Documents\ProyectosGitHub\complementarias\.gradle\buildOutputCleanup)" [_thread_blocked, id=8176, stack(0x000000003fb60000,0x000000003fc60000)]
  0x000000001f288000 JavaThread "jar transforms Thread 368" [_thread_blocked, id=2064, stack(0x000000003fa60000,0x000000003fb60000)]
  0x000000001f280800 JavaThread "jar transforms Thread 367" [_thread_blocked, id=8784, stack(0x000000003f960000,0x000000003fa60000)]
  0x000000001f283800 JavaThread "jar transforms Thread 366" [_thread_blocked, id=6696, stack(0x000000003f860000,0x000000003f960000)]
  0x000000001f285000 JavaThread "jar transforms Thread 365" [_thread_blocked, id=7868, stack(0x000000003f760000,0x000000003f860000)]
  0x000000001f27f800 JavaThread "jar transforms Thread 364" [_thread_blocked, id=7408, stack(0x000000003f660000,0x000000003f760000)]
  0x000000001f282800 JavaThread "jar transforms Thread 363" [_thread_blocked, id=5892, stack(0x000000003f560000,0x000000003f660000)]
  0x000000001f282000 JavaThread "jar transforms Thread 362" [_thread_blocked, id=8724, stack(0x000000003f460000,0x000000003f560000)]
  0x000000001f281000 JavaThread "jar transforms Thread 361" [_thread_blocked, id=8856, stack(0x000000003f360000,0x000000003f460000)]
  0x000000001f284000 JavaThread "jar transforms Thread 360" [_thread_blocked, id=2328, stack(0x000000003f260000,0x000000003f360000)]
  0x0000000018db5800 JavaThread "jar transforms Thread 359" [_thread_blocked, id=5848, stack(0x000000003f160000,0x000000003f260000)]
  0x0000000018db5000 JavaThread "jar transforms Thread 358" [_thread_blocked, id=8420, stack(0x000000003f060000,0x000000003f160000)]
  0x0000000018db2000 JavaThread "jar transforms Thread 357" [_thread_blocked, id=2532, stack(0x000000003ef60000,0x000000003f060000)]
  0x0000000018db2800 JavaThread "jar transforms Thread 356" [_thread_blocked, id=1324, stack(0x000000003ee60000,0x000000003ef60000)]
  0x0000000018db3800 JavaThread "jar transforms Thread 355" [_thread_blocked, id=224, stack(0x000000003ed60000,0x000000003ee60000)]
  0x0000000026793800 JavaThread "jar transforms Thread 354" [_thread_blocked, id=5676, stack(0x000000003ec60000,0x000000003ed60000)]
  0x0000000026794000 JavaThread "jar transforms Thread 353" [_thread_blocked, id=4792, stack(0x000000003eb60000,0x000000003ec60000)]
  0x0000000026796800 JavaThread "jar transforms Thread 352" [_thread_blocked, id=2484, stack(0x000000003ea60000,0x000000003eb60000)]
  0x0000000026792800 JavaThread "jar transforms Thread 351" [_thread_blocked, id=5140, stack(0x000000003e960000,0x000000003ea60000)]
  0x0000000026792000 JavaThread "jar transforms Thread 350" [_thread_blocked, id=1284, stack(0x000000003e860000,0x000000003e960000)]
  0x0000000026795000 JavaThread "jar transforms Thread 349" [_thread_blocked, id=7312, stack(0x000000003e760000,0x000000003e860000)]
  0x0000000026795800 JavaThread "jar transforms Thread 348" [_thread_blocked, id=7824, stack(0x000000003e660000,0x000000003e760000)]
  0x000000002678a800 JavaThread "jar transforms Thread 347" [_thread_blocked, id=4168, stack(0x000000003e560000,0x000000003e660000)]
  0x0000000026791000 JavaThread "jar transforms Thread 346" [_thread_blocked, id=6872, stack(0x000000003e460000,0x000000003e560000)]
  0x0000000026790800 JavaThread "jar transforms Thread 345" [_thread_blocked, id=1828, stack(0x000000003e360000,0x000000003e460000)]
  0x0000000026789800 JavaThread "jar transforms Thread 344" [_thread_blocked, id=6308, stack(0x000000003e260000,0x000000003e360000)]
  0x000000002678d800 JavaThread "jar transforms Thread 343" [_thread_blocked, id=8432, stack(0x000000003e160000,0x000000003e260000)]
  0x000000002678b000 JavaThread "jar transforms Thread 342" [_thread_blocked, id=3380, stack(0x000000003e060000,0x000000003e160000)]
  0x0000000026789000 JavaThread "jar transforms Thread 341" [_thread_blocked, id=1332, stack(0x000000003df60000,0x000000003e060000)]
  0x000000002678f800 JavaThread "jar transforms Thread 340" [_thread_blocked, id=9008, stack(0x000000003de60000,0x000000003df60000)]
  0x0000000026788000 JavaThread "jar transforms Thread 339" [_thread_blocked, id=8788, stack(0x000000003dd60000,0x000000003de60000)]
  0x0000000017a4f800 JavaThread "jar transforms Thread 338" [_thread_blocked, id=8804, stack(0x000000003dc60000,0x000000003dd60000)]
  0x0000000017a4e000 JavaThread "jar transforms Thread 337" [_thread_blocked, id=4352, stack(0x000000003db60000,0x000000003dc60000)]
  0x0000000017a4c800 JavaThread "jar transforms Thread 336" [_thread_blocked, id=8364, stack(0x000000003da60000,0x000000003db60000)]
  0x0000000017a4b800 JavaThread "jar transforms Thread 335" [_thread_blocked, id=5948, stack(0x000000003d960000,0x000000003da60000)]
  0x0000000017a44000 JavaThread "jar transforms Thread 334" [_thread_blocked, id=2740, stack(0x000000003d860000,0x000000003d960000)]
  0x0000000017a4b000 JavaThread "jar transforms Thread 333" [_thread_blocked, id=1840, stack(0x000000003d760000,0x000000003d860000)]
  0x0000000017a4a000 JavaThread "jar transforms Thread 332" [_thread_blocked, id=9164, stack(0x000000003d660000,0x000000003d760000)]
  0x0000000017a49800 JavaThread "jar transforms Thread 331" [_thread_blocked, id=4984, stack(0x000000003d560000,0x000000003d660000)]
  0x0000000017a48800 JavaThread "jar transforms Thread 330" [_thread_blocked, id=8340, stack(0x000000003d460000,0x000000003d560000)]
  0x0000000017a48000 JavaThread "jar transforms Thread 329" [_thread_blocked, id=7352, stack(0x000000003d360000,0x000000003d460000)]
  0x0000000017a40800 JavaThread "jar transforms Thread 328" [_thread_blocked, id=1188, stack(0x000000003d260000,0x000000003d360000)]
  0x0000000017a46800 JavaThread "jar transforms Thread 327" [_thread_blocked, id=3604, stack(0x000000003d160000,0x000000003d260000)]
  0x0000000017a47000 JavaThread "jar transforms Thread 326" [_thread_blocked, id=2496, stack(0x000000003d060000,0x000000003d160000)]
  0x0000000017a41000 JavaThread "jar transforms Thread 325" [_thread_blocked, id=3004, stack(0x000000003cf60000,0x000000003d060000)]
  0x0000000017a45800 JavaThread "jar transforms Thread 324" [_thread_blocked, id=1340, stack(0x000000003ce60000,0x000000003cf60000)]
  0x0000000017a45000 JavaThread "jar transforms Thread 323" [_thread_blocked, id=7016, stack(0x000000003cd60000,0x000000003ce60000)]
  0x0000000017a43800 JavaThread "jar transforms Thread 322" [_thread_blocked, id=8888, stack(0x000000003cc60000,0x000000003cd60000)]
  0x0000000017a42800 JavaThread "jar transforms Thread 321" [_thread_blocked, id=7828, stack(0x000000003cb60000,0x000000003cc60000)]
  0x0000000019387800 JavaThread "jar transforms Thread 320" [_thread_blocked, id=8892, stack(0x000000003ca60000,0x000000003cb60000)]
  0x0000000019386800 JavaThread "jar transforms Thread 319" [_thread_blocked, id=8768, stack(0x000000003c960000,0x000000003ca60000)]
  0x0000000019386000 JavaThread "jar transforms Thread 318" [_thread_blocked, id=4584, stack(0x000000003c860000,0x000000003c960000)]
  0x000000001937e800 JavaThread "jar transforms Thread 317" [_thread_blocked, id=6660, stack(0x000000003c760000,0x000000003c860000)]
  0x0000000019385000 JavaThread "jar transforms Thread 316" [_thread_blocked, id=4196, stack(0x000000003c660000,0x000000003c760000)]
  0x0000000019384800 JavaThread "jar transforms Thread 315" [_thread_blocked, id=5600, stack(0x000000003c560000,0x000000003c660000)]
  0x0000000019383800 JavaThread "jar transforms Thread 314" [_thread_blocked, id=8612, stack(0x000000003c460000,0x000000003c560000)]
  0x0000000019382000 JavaThread "jar transforms Thread 313" [_thread_blocked, id=4344, stack(0x000000003c360000,0x000000003c460000)]
  0x0000000019383000 JavaThread "jar transforms Thread 312" [_thread_blocked, id=4052, stack(0x000000003c260000,0x000000003c360000)]
  0x0000000019381800 JavaThread "jar transforms Thread 311" [_thread_blocked, id=8764, stack(0x000000003c160000,0x000000003c260000)]
  0x000000001937a000 JavaThread "jar transforms Thread 310" [_thread_blocked, id=4244, stack(0x000000003c060000,0x000000003c160000)]
  0x000000001937c000 JavaThread "jar transforms Thread 309" [_thread_blocked, id=5656, stack(0x000000003bf60000,0x000000003c060000)]
  0x000000001937d800 JavaThread "jar transforms Thread 308" [_thread_blocked, id=7108, stack(0x000000003be60000,0x000000003bf60000)]
  0x000000001937d000 JavaThread "jar transforms Thread 307" [_thread_blocked, id=6896, stack(0x000000003bd60000,0x000000003be60000)]
  0x0000000019380800 JavaThread "jar transforms Thread 306" [_thread_blocked, id=1980, stack(0x000000003bc60000,0x000000003bd60000)]
  0x0000000019380000 JavaThread "jar transforms Thread 305" [_thread_blocked, id=724, stack(0x000000003bb60000,0x000000003bc60000)]
  0x0000000019379000 JavaThread "jar transforms Thread 304" [_thread_blocked, id=6340, stack(0x000000003ba60000,0x000000003bb60000)]
  0x000000001937b800 JavaThread "jar transforms Thread 303" [_thread_blocked, id=1964, stack(0x000000003b960000,0x000000003ba60000)]
  0x000000001f2bc800 JavaThread "jar transforms Thread 302" [_thread_blocked, id=4656, stack(0x000000003b860000,0x000000003b960000)]
  0x000000001f2bb800 JavaThread "jar transforms Thread 301" [_thread_blocked, id=6472, stack(0x000000003b760000,0x000000003b860000)]
  0x000000001f2ba000 JavaThread "jar transforms Thread 300" [_thread_blocked, id=2932, stack(0x000000003b660000,0x000000003b760000)]
  0x000000001f2be800 JavaThread "jar transforms Thread 299" [_thread_blocked, id=5520, stack(0x000000003b560000,0x000000003b660000)]
  0x000000001f2be000 JavaThread "jar transforms Thread 298" [_thread_blocked, id=6236, stack(0x000000003b460000,0x000000003b560000)]
  0x000000001f2bd000 JavaThread "jar transforms Thread 297" [_thread_blocked, id=8648, stack(0x000000003b360000,0x000000003b460000)]
  0x000000001f2bb000 JavaThread "jar transforms Thread 296" [_thread_blocked, id=8868, stack(0x000000003b260000,0x000000003b360000)]
  0x000000001f2b2800 JavaThread "jar transforms Thread 295" [_thread_blocked, id=5496, stack(0x000000003b160000,0x000000003b260000)]
  0x000000001f2b4000 JavaThread "jar transforms Thread 294" [_thread_blocked, id=7080, stack(0x000000003b060000,0x000000003b160000)]
  0x000000001f2b8800 JavaThread "jar transforms Thread 293" [_thread_blocked, id=7432, stack(0x000000003af60000,0x000000003b060000)]
  0x000000001f2b9800 JavaThread "jar transforms Thread 292" [_thread_blocked, id=8336, stack(0x000000003ae60000,0x000000003af60000)]
  0x000000001f2b8000 JavaThread "jar transforms Thread 291" [_thread_blocked, id=2352, stack(0x000000003ad60000,0x000000003ae60000)]
  0x000000001f2b0800 JavaThread "jar transforms Thread 290" [_thread_blocked, id=9172, stack(0x000000003ac60000,0x000000003ad60000)]
  0x000000001f2b7000 JavaThread "jar transforms Thread 289" [_thread_blocked, id=5588, stack(0x000000003ab60000,0x000000003ac60000)]
  0x000000001f2b3800 JavaThread "jar transforms Thread 288" [_thread_blocked, id=8836, stack(0x000000003aa60000,0x000000003ab60000)]
  0x000000001f2b6800 JavaThread "jar transforms Thread 287" [_thread_blocked, id=6608, stack(0x000000003a960000,0x000000003aa60000)]
  0x000000001f2b5000 JavaThread "jar transforms Thread 286" [_thread_blocked, id=2320, stack(0x000000003a860000,0x000000003a960000)]
  0x000000001f2b2000 JavaThread "jar transforms Thread 285" [_thread_blocked, id=8920, stack(0x000000003a760000,0x000000003a860000)]
  0x000000001f2b5800 JavaThread "jar transforms Thread 284" [_thread_blocked, id=7244, stack(0x000000003a660000,0x000000003a760000)]
  0x000000001bc15800 JavaThread "jar transforms Thread 283" [_thread_blocked, id=8332, stack(0x000000003a560000,0x000000003a660000)]
  0x000000001bc14800 JavaThread "jar transforms Thread 282" [_thread_blocked, id=1816, stack(0x000000003a460000,0x000000003a560000)]
  0x000000001bc14000 JavaThread "jar transforms Thread 281" [_thread_blocked, id=5076, stack(0x000000003a360000,0x000000003a460000)]
  0x000000001bc11000 JavaThread "jar transforms Thread 280" [_thread_blocked, id=8460, stack(0x000000003a260000,0x000000003a360000)]
  0x000000001bc12800 JavaThread "jar transforms Thread 279" [_thread_blocked, id=6072, stack(0x000000003a160000,0x000000003a260000)]
  0x000000001bc0c800 JavaThread "jar transforms Thread 278" [_thread_blocked, id=8144, stack(0x000000003a060000,0x000000003a160000)]
  0x000000001bc10000 JavaThread "jar transforms Thread 277" [_thread_blocked, id=3820, stack(0x0000000039f60000,0x000000003a060000)]
  0x000000001bc13000 JavaThread "Build operations Thread 2" [_thread_blocked, id=6912, stack(0x0000000039e60000,0x0000000039f60000)]
  0x000000001bc0f800 JavaThread "Build operations" [_thread_blocked, id=4616, stack(0x0000000039d60000,0x0000000039e60000)]
  0x000000001bc0b000 JavaThread "Cache worker for cache directory md-rule (C:\Users\Guadalupe\.gradle\caches\6.5\md-rule)" [_thread_blocked, id=3020, stack(0x0000000039c60000,0x0000000039d60000)]
  0x000000001bc0b800 JavaThread "Cache worker for cache directory md-supplier (C:\Users\Guadalupe\.gradle\caches\6.5\md-supplier)" [_thread_blocked, id=8576, stack(0x0000000039b60000,0x0000000039c60000)]
  0x000000001bc08000 JavaThread "Cache worker for checksums cache (C:\Users\Guadalupe\Documents\ProyectosGitHub\complementarias\.gradle\checksums)" [_thread_blocked, id=6620, stack(0x0000000039a60000,0x0000000039b60000)]
  0x000000001bc0e800 JavaThread "Cache worker for file hash cache (C:\Users\Guadalupe\Documents\ProyectosGitHub\complementarias\.gradle\6.5\fileHashes)" [_thread_blocked, id=5212, stack(0x0000000039960000,0x0000000039a60000)]
  0x000000001bc0e000 JavaThread "Thread-361" [_thread_blocked, id=6268, stack(0x0000000039860000,0x0000000039960000)]
  0x000000001bc0a000 JavaThread "Stdin handler" [_thread_blocked, id=220, stack(0x0000000039760000,0x0000000039860000)]
  0x000000001bc0d000 JavaThread "Asynchronous log dispatcher for DefaultDaemonConnection: socket connection from /127.0.0.1:61654 to /127.0.0.1:61831" [_thread_in_native, id=9108, stack(0x0000000039660000,0x0000000039760000)]
  0x000000001bc07000 JavaThread "Daemon worker Thread 4" [_thread_blocked, id=8232, stack(0x0000000039560000,0x0000000039660000)]
  0x000000001bc06800 JavaThread "Cancel handler" [_thread_blocked, id=5928, stack(0x0000000039460000,0x0000000039560000)]
  0x000000001bc08800 JavaThread "Handler for socket connection from /127.0.0.1:61654 to /127.0.0.1:61831" [_thread_in_native, id=3392, stack(0x0000000039360000,0x0000000039460000)]
  0x000000001bc09800 JavaThread "Daemon Thread 4" [_thread_blocked, id=5380, stack(0x0000000039260000,0x0000000039360000)]
  0x000000002678f000 JavaThread "Cache worker for Java compile cache (C:\Users\Guadalupe\.gradle\caches\6.5\javaCompile)" [_thread_blocked, id=3164, stack(0x00000000285f0000,0x00000000286f0000)]
  0x0000000017a4e800 JavaThread "Memory manager" [_thread_blocked, id=4496, stack(0x0000000026010000,0x0000000026110000)]
  0x0000000018db7000 JavaThread "Cache worker for file content cache (C:\Users\Guadalupe\.gradle\caches\6.5\fileContent)" [_thread_blocked, id=7316, stack(0x000000001d5f0000,0x000000001d6f0000)]
  0x0000000018db4000 JavaThread "Cache worker for execution history cache (C:\Users\Guadalupe\.gradle\caches\6.5\executionHistory)" [_thread_blocked, id=68, stack(0x000000001cdf0000,0x000000001cef0000)]
  0x0000000018db8000 JavaThread "Cache worker for file hash cache (C:\Users\Guadalupe\.gradle\caches\6.5\fileHashes)" [_thread_blocked, id=8172, stack(0x000000001b220000,0x000000001b320000)]
  0x0000000018db8800 JavaThread "File lock request listener" [_thread_in_native, id=7368, stack(0x000000001b120000,0x000000001b220000)]
  0x0000000018bd7800 JavaThread "Cache worker for journal cache (C:\Users\Guadalupe\.gradle\caches\journal-1)" [_thread_blocked, id=5372, stack(0x000000001b020000,0x000000001b120000)]
  0x00000000189ab000 JavaThread "Daemon periodic checks" [_thread_blocked, id=7360, stack(0x000000001a720000,0x000000001a820000)]
  0x0000000018a54800 JavaThread "Incoming local TCP Connector on port 61654" [_thread_in_native, id=3228, stack(0x000000001a1c0000,0x000000001a2c0000)]
  0x0000000017190800 JavaThread "Daemon health stats" [_thread_blocked, id=5396, stack(0x0000000019b80000,0x0000000019c80000)]
  0x0000000015a06000 JavaThread "Service Thread" daemon [_thread_blocked, id=4968, stack(0x0000000016be0000,0x0000000016ce0000)]
  0x0000000015996000 JavaThread "C1 CompilerThread1" daemon [_thread_blocked, id=4332, stack(0x0000000016ae0000,0x0000000016be0000)]
=>0x0000000015990800 JavaThread "C2 CompilerThread0" daemon [_thread_in_native, id=6044, stack(0x00000000169e0000,0x0000000016ae0000)]
  0x000000001598f800 JavaThread "Attach Listener" daemon [_thread_blocked, id=8264, stack(0x00000000168e0000,0x00000000169e0000)]
  0x000000001598c000 JavaThread "Signal Dispatcher" daemon [_thread_blocked, id=8492, stack(0x00000000167e0000,0x00000000168e0000)]
  0x0000000002257800 JavaThread "Finalizer" daemon [_thread_blocked, id=1364, stack(0x00000000165c0000,0x00000000166c0000)]
  0x000000000224e000 JavaThread "Reference Handler" daemon [_thread_blocked, id=4424, stack(0x00000000164c0000,0x00000000165c0000)]
  0x000000000215e000 JavaThread "main" [_thread_blocked, id=9100, stack(0x0000000001fd0000,0x00000000020d0000)]

Other Threads:
  0x0000000015956000 VMThread [stack: 0x00000000163c0000,0x00000000164c0000] [id=2748]
  0x000000001599f800 WatcherThread [stack: 0x0000000016ce0000,0x0000000016de0000] [id=7876]

VM state:not at safepoint (normal execution)

VM Mutex/Monitor currently owned by a thread: None

heap address: 0x00000000a0000000, size: 1536 MB, Compressed Oops mode: 32-bit
Narrow klass base: 0x0000000000000000, Narrow klass shift: 3
Compressed class space size: 1073741824 Address: 0x0000000100000000

Heap:
 PSYoungGen      total 484352K, used 292548K [0x00000000e0000000, 0x0000000100000000, 0x0000000100000000)
  eden space 454656K, 64% used [0x00000000e0000000,0x00000000f1db1218,0x00000000fbc00000)
  from space 29696K, 0% used [0x00000000fbc00000,0x00000000fbc00000,0x00000000fd900000)
  to   space 38400K, 0% used [0x00000000fda80000,0x00000000fda80000,0x0000000100000000)
 ParOldGen       total 189440K, used 81059K [0x00000000a0000000, 0x00000000ab900000, 0x00000000e0000000)
  object space 189440K, 42% used [0x00000000a0000000,0x00000000a4f28e08,0x00000000ab900000)
 Metaspace       used 94223K, capacity 98942K, committed 99276K, reserved 1134592K
  class space    used 12321K, capacity 13177K, committed 13312K, reserved 1048576K

Card table byte_map: [0x0000000011620000,0x0000000011930000] byte_map_base: 0x0000000011120000

Marking Bits: (ParMarkBitMap*) 0x000000006534f030
 Begin Bits: [0x0000000011d30000, 0x0000000013530000)
 End Bits:   [0x0000000013530000, 0x0000000014d30000)

Polling page: 0x00000000001e0000

CodeCache: size=245760Kb used=44072Kb max_used=44084Kb free=201687Kb
 bounds [0x0000000002260000, 0x0000000004db0000, 0x0000000011260000]
 total_blobs=14791 nmethods=13909 adapters=793
 compilation: enabled

Compilation events (10 events):
Event: 1270.837 Thread 0x0000000015990800 nmethod 16517 0x0000000004d91390 code [0x0000000004d91500, 0x0000000004d91878]
Event: 1270.854 Thread 0x0000000015990800 16525       4       org.gradle.internal.snapshot.impl.DirectorySnapshotter$PathVisitor::intern (14 bytes)
Event: 1270.869 Thread 0x0000000015990800 nmethod 16525 0x0000000004383b90 code [0x0000000004383d60, 0x00000000043844f8]
Event: 1270.869 Thread 0x0000000015990800 16526       4       sun.nio.fs.WindowsPath::<init> (26 bytes)
Event: 1270.870 Thread 0x0000000015990800 nmethod 16526 0x0000000004d25050 code [0x0000000004d25180, 0x0000000004d25218]
Event: 1270.878 Thread 0x0000000015990800 16527   !   4       org.gradle.internal.snapshot.AtomicSnapshotHierarchyReference::update (44 bytes)
Event: 1270.889 Thread 0x0000000015990800 nmethod 16527 0x0000000004da8490 code [0x0000000004da8660, 0x0000000004da8bd0]
Event: 1270.894 Thread 0x0000000015990800 16528       4       org.gradle.internal.vfs.impl.DefaultVirtualFileSystem$$Lambda$107/1013187579::get (12 bytes)
Event: 1270.895 Thread 0x0000000015996000 16530       3       sun.nio.fs.NativeBuffer$Deallocator::run (11 bytes)
Event: 1270.896 Thread 0x0000000015996000 nmethod 16530 0x0000000003297b10 code [0x0000000003297c80, 0x0000000003297ee8]

GC Heap History (10 events):
Event: 22.076 GC heap before
{Heap before GC invocations=11 (full 2):
 PSYoungGen      total 419840K, used 129940K [0x00000000e0000000, 0x00000000fb600000, 0x0000000100000000)
  eden space 404992K, 28% used [0x00000000e0000000,0x00000000e7067138,0x00000000f8b80000)
  from space 14848K, 99% used [0x00000000fa780000,0x00000000fb5fe220,0x00000000fb600000)
  to   space 19456K, 0% used [0x00000000f9000000,0x00000000f9000000,0x00000000fa300000)
 ParOldGen       total 74240K, used 20389K [0x00000000a0000000, 0x00000000a4880000, 0x00000000e0000000)
  object space 74240K, 27% used [0x00000000a0000000,0x00000000a13e9558,0x00000000a4880000)
 Metaspace       used 56738K, capacity 59018K, committed 59028K, reserved 1099776K
  class space    used 7720K, capacity 8186K, committed 8192K, reserved 1048576K
Event: 22.172 GC heap after
Heap after GC invocations=11 (full 2):
 PSYoungGen      total 429056K, used 19436K [0x00000000e0000000, 0x0000000100000000, 0x0000000100000000)
  eden space 409600K, 0% used [0x00000000e0000000,0x00000000e0000000,0x00000000f9000000)
  from space 19456K, 99% used [0x00000000f9000000,0x00000000fa2fb1c8,0x00000000fa300000)
  to   space 24064K, 0% used [0x00000000fe880000,0x00000000fe880000,0x0000000100000000)
 ParOldGen       total 74240K, used 24271K [0x00000000a0000000, 0x00000000a4880000, 0x00000000e0000000)
  object space 74240K, 32% used [0x00000000a0000000,0x00000000a17b3c00,0x00000000a4880000)
 Metaspace       used 56738K, capacity 59018K, committed 59028K, reserved 1099776K
  class space    used 7720K, capacity 8186K, committed 8192K, reserved 1048576K
}
Event: 22.172 GC heap before
{Heap before GC invocations=12 (full 3):
 PSYoungGen      total 429056K, used 19436K [0x00000000e0000000, 0x0000000100000000, 0x0000000100000000)
  eden space 409600K, 0% used [0x00000000e0000000,0x00000000e0000000,0x00000000f9000000)
  from space 19456K, 99% used [0x00000000f9000000,0x00000000fa2fb1c8,0x00000000fa300000)
  to   space 24064K, 0% used [0x00000000fe880000,0x00000000fe880000,0x0000000100000000)
 ParOldGen       total 74240K, used 24271K [0x00000000a0000000, 0x00000000a4880000, 0x00000000e0000000)
  object space 74240K, 32% used [0x00000000a0000000,0x00000000a17b3c00,0x00000000a4880000)
 Metaspace       used 56738K, capacity 59018K, committed 59028K, reserved 1099776K
  class space    used 7720K, capacity 8186K, committed 8192K, reserved 1048576K
Event: 22.536 GC heap after
Heap after GC invocations=12 (full 3):
 PSYoungGen      total 429056K, used 0K [0x00000000e0000000, 0x0000000100000000, 0x0000000100000000)
  eden space 409600K, 0% used [0x00000000e0000000,0x00000000e0000000,0x00000000f9000000)
  from space 19456K, 0% used [0x00000000f9000000,0x00000000f9000000,0x00000000fa300000)
  to   space 24064K, 0% used [0x00000000fe880000,0x00000000fe880000,0x0000000100000000)
 ParOldGen       total 111104K, used 35217K [0x00000000a0000000, 0x00000000a6c80000, 0x00000000e0000000)
  object space 111104K, 31% used [0x00000000a0000000,0x00000000a2264668,0x00000000a6c80000)
 Metaspace       used 56738K, capacity 59018K, committed 59028K, reserved 1099776K
  class space    used 7720K, capacity 8186K, committed 8192K, reserved 1048576K
}
Event: 44.457 GC heap before
{Heap before GC invocations=13 (full 3):
 PSYoungGen      total 429056K, used 409600K [0x00000000e0000000, 0x0000000100000000, 0x0000000100000000)
  eden space 409600K, 100% used [0x00000000e0000000,0x00000000f9000000,0x00000000f9000000)
  from space 19456K, 0% used [0x00000000f9000000,0x00000000f9000000,0x00000000fa300000)
  to   space 24064K, 0% used [0x00000000fe880000,0x00000000fe880000,0x0000000100000000)
 ParOldGen       total 111104K, used 35217K [0x00000000a0000000, 0x00000000a6c80000, 0x00000000e0000000)
  object space 111104K, 31% used [0x00000000a0000000,0x00000000a2264668,0x00000000a6c80000)
 Metaspace       used 77227K, capacity 80496K, committed 80600K, reserved 1118208K
  class space    used 10331K, capacity 10944K, committed 11008K, reserved 1048576K
Event: 44.628 GC heap after
Heap after GC invocations=13 (full 3):
 PSYoungGen      total 478720K, used 24039K [0x00000000e0000000, 0x0000000100000000, 0x0000000100000000)
  eden space 454656K, 0% used [0x00000000e0000000,0x00000000e0000000,0x00000000fbc00000)
  from space 24064K, 99% used [0x00000000fe880000,0x00000000ffff9e08,0x0000000100000000)
  to   space 34816K, 0% used [0x00000000fbc00000,0x00000000fbc00000,0x00000000fde00000)
 ParOldGen       total 111104K, used 54785K [0x00000000a0000000, 0x00000000a6c80000, 0x00000000e0000000)
  object space 111104K, 49% used [0x00000000a0000000,0x00000000a3580420,0x00000000a6c80000)
 Metaspace       used 77227K, capacity 80496K, committed 80600K, reserved 1118208K
  class space    used 10331K, capacity 10944K, committed 11008K, reserved 1048576K
}
Event: 836.711 GC heap before
{Heap before GC invocations=14 (full 3):
 PSYoungGen      total 478720K, used 477973K [0x00000000e0000000, 0x0000000100000000, 0x0000000100000000)
  eden space 454656K, 99% used [0x00000000e0000000,0x00000000fbb4b640,0x00000000fbc00000)
  from space 24064K, 99% used [0x00000000fe880000,0x00000000ffff9e08,0x0000000100000000)
  to   space 34816K, 0% used [0x00000000fbc00000,0x00000000fbc00000,0x00000000fde00000)
 ParOldGen       total 111104K, used 54785K [0x00000000a0000000, 0x00000000a6c80000, 0x00000000e0000000)
  object space 111104K, 49% used [0x00000000a0000000,0x00000000a3580420,0x00000000a6c80000)
 Metaspace       used 93867K, capacity 98330K, committed 98380K, reserved 1134592K
  class space    used 12345K, capacity 13177K, committed 13184K, reserved 1048576K
Event: 836.863 GC heap after
Heap after GC invocations=14 (full 3):
 PSYoungGen      total 484352K, used 29412K [0x00000000e0000000, 0x0000000100000000, 0x0000000100000000)
  eden space 454656K, 0% used [0x00000000e0000000,0x00000000e0000000,0x00000000fbc00000)
  from space 29696K, 99% used [0x00000000fbc00000,0x00000000fd8b9090,0x00000000fd900000)
  to   space 38400K, 0% used [0x00000000fda80000,0x00000000fda80000,0x0000000100000000)
 ParOldGen       total 111104K, used 77132K [0x00000000a0000000, 0x00000000a6c80000, 0x00000000e0000000)
  object space 111104K, 69% used [0x00000000a0000000,0x00000000a4b53250,0x00000000a6c80000)
 Metaspace       used 93867K, capacity 98330K, committed 98380K, reserved 1134592K
  class space    used 12345K, capacity 13177K, committed 13184K, reserved 1048576K
}
Event: 836.863 GC heap before
{Heap before GC invocations=15 (full 4):
 PSYoungGen      total 484352K, used 29412K [0x00000000e0000000, 0x0000000100000000, 0x0000000100000000)
  eden space 454656K, 0% used [0x00000000e0000000,0x00000000e0000000,0x00000000fbc00000)
  from space 29696K, 99% used [0x00000000fbc00000,0x00000000fd8b9090,0x00000000fd900000)
  to   space 38400K, 0% used [0x00000000fda80000,0x00000000fda80000,0x0000000100000000)
 ParOldGen       total 111104K, used 77132K [0x00000000a0000000, 0x00000000a6c80000, 0x00000000e0000000)
  object space 111104K, 69% used [0x00000000a0000000,0x00000000a4b53250,0x00000000a6c80000)
 Metaspace       used 93867K, capacity 98330K, committed 98380K, reserved 1134592K
  class space    used 12345K, capacity 13177K, committed 13184K, reserved 1048576K
Event: 837.417 GC heap after
Heap after GC invocations=15 (full 4):
 PSYoungGen      total 484352K, used 0K [0x00000000e0000000, 0x0000000100000000, 0x0000000100000000)
  eden space 454656K, 0% used [0x00000000e0000000,0x00000000e0000000,0x00000000fbc00000)
  from space 29696K, 0% used [0x00000000fbc00000,0x00000000fbc00000,0x00000000fd900000)
  to   space 38400K, 0% used [0x00000000fda80000,0x00000000fda80000,0x0000000100000000)
 ParOldGen       total 189440K, used 81059K [0x00000000a0000000, 0x00000000ab900000, 0x00000000e0000000)
  object space 189440K, 42% used [0x00000000a0000000,0x00000000a4f28e08,0x00000000ab900000)
 Metaspace       used 92975K, capacity 97348K, committed 98380K, reserved 1134592K
  class space    used 12247K, capacity 13064K, committed 13184K, reserved 1048576K
}

Deoptimization events (10 events):
Event: 839.978 Thread 0x000000001f2b7000 Uncommon trap: reason=unstable_if action=reinterpret pc=0x0000000003b04a88 method=com.esotericsoftware.kryo.io.Input.require(I)I @ 180
Event: 884.079 Thread 0x000000001f2b5800 Uncommon trap: reason=class_check action=maybe_recompile pc=0x00000000025b407c method=java.util.regex.Matcher.getTextLength()I @ 4
Event: 884.957 Thread 0x000000001bc14000 Uncommon trap: reason=unstable_if action=reinterpret pc=0x00000000048f0530 method=java.util.concurrent.ConcurrentHashMap.addCount(JI)V @ 68
Event: 885.105 Thread 0x000000001bc14000 Uncommon trap: reason=unstable_if action=reinterpret pc=0x00000000047805b0 method=com.google.common.util.concurrent.AbstractFuture.get()Ljava/lang/Object; @ 116
Event: 885.240 Thread 0x000000001f2b7000 Uncommon trap: reason=class_check action=maybe_recompile pc=0x00000000043a6198 method=org.gradle.internal.snapshot.SnapshotUtil.getMetadataFromChildren(Ljava/util/List;Lorg/gradle/internal/snapshot/VfsRelativePath;Lorg/gradle/internal/snapshot/CaseSensiti
Event: 886.532 Thread 0x000000001f2b7000 Uncommon trap: reason=class_check action=maybe_recompile pc=0x00000000041b1048 method=org.gradle.internal.fingerprint.classpath.impl.ClasspathFingerprintingStrategy$ClasspathContentFingerprintingVisitor.visitFile(Lorg/gradle/internal/snapshot/CompleteFile
Event: 1269.973 Thread 0x000000001bc07000 Uncommon trap: reason=class_check action=maybe_recompile pc=0x0000000004c7b0e0 method=com.google.common.base.Suppliers$NonSerializableMemoizingSupplier.<init>(Lcom/google/common/base/Supplier;)V @ 9
Event: 1269.973 Thread 0x000000001bc07000 Uncommon trap: reason=class_check action=maybe_recompile pc=0x0000000004c7b0e0 method=com.google.common.base.Suppliers$NonSerializableMemoizingSupplier.<init>(Lcom/google/common/base/Supplier;)V @ 9
Event: 1270.271 Thread 0x000000001bc07000 Uncommon trap: reason=class_check action=maybe_recompile pc=0x0000000004c7b0e0 method=com.google.common.base.Suppliers$NonSerializableMemoizingSupplier.<init>(Lcom/google/common/base/Supplier;)V @ 9
Event: 1270.271 Thread 0x000000001bc07000 Uncommon trap: reason=class_check action=maybe_recompile pc=0x0000000004c7b0e0 method=com.google.common.base.Suppliers$NonSerializableMemoizingSupplier.<init>(Lcom/google/common/base/Supplier;)V @ 9

Classes redefined (0 events):
No events

Internal exceptions (10 events):
Event: 885.105 Thread 0x000000001bc14000 Implicit null exception at 0x00000000047803db to 0x000000000478059d
Event: 885.807 Thread 0x000000001f2b5800 Exception <a 'sun/nio/fs/WindowsException'> (0x00000000ec7e5808) thrown at [C:\src\AOSP-openjdk-git\hotspot\src\share\vm\prims\jni.cpp, line 710]
Event: 885.808 Thread 0x000000001f2b5800 Exception <a 'sun/nio/fs/WindowsException'> (0x00000000ec7e7088) thrown at [C:\src\AOSP-openjdk-git\hotspot\src\share\vm\prims\jni.cpp, line 710]
Event: 885.808 Thread 0x000000001f2b5800 Exception <a 'sun/nio/fs/WindowsException'> (0x00000000ec7eb998) thrown at [C:\src\AOSP-openjdk-git\hotspot\src\share\vm\prims\jni.cpp, line 710]
Event: 885.808 Thread 0x000000001f2b5800 Exception <a 'sun/nio/fs/WindowsException'> (0x00000000ec7ed260) thrown at [C:\src\AOSP-openjdk-git\hotspot\src\share\vm\prims\jni.cpp, line 710]
Event: 885.808 Thread 0x000000001f2b5800 Exception <a 'sun/nio/fs/WindowsException'> (0x00000000ec7efd08) thrown at [C:\src\AOSP-openjdk-git\hotspot\src\share\vm\prims\jni.cpp, line 710]
Event: 885.809 Thread 0x000000001f2b5800 Exception <a 'sun/nio/fs/WindowsException'> (0x00000000ec7f15e0) thrown at [C:\src\AOSP-openjdk-git\hotspot\src\share\vm\prims\jni.cpp, line 710]
Event: 886.089 Thread 0x000000001f2b7000 Exception <a 'sun/nio/fs/WindowsException'> (0x00000000ed156028) thrown at [C:\src\AOSP-openjdk-git\hotspot\src\share\vm\prims\jni.cpp, line 710]
Event: 886.089 Thread 0x000000001f2b7000 Exception <a 'sun/nio/fs/WindowsException'> (0x00000000ed156d68) thrown at [C:\src\AOSP-openjdk-git\hotspot\src\share\vm\prims\jni.cpp, line 710]
Event: 1270.481 Thread 0x000000001bc07000 Exception <a 'sun/nio/fs/WindowsException'> (0x00000000f0734930) thrown at [C:\src\AOSP-openjdk-git\hotspot\src\share\vm\prims\jni.cpp, line 710]

Events (10 events):
Event: 1270.740 Thread 0x0000000015996000 flushing nmethod 0x00000000032e1550
Event: 1270.740 Thread 0x0000000015996000 flushing nmethod 0x00000000032e2850
Event: 1270.741 Thread 0x0000000015996000 flushing nmethod 0x00000000033dcc90
Event: 1270.742 Thread 0x0000000015996000 flushing nmethod 0x0000000003573910
Event: 1270.747 Executing VM operation: RevokeBias
Event: 1270.747 Executing VM operation: RevokeBias done
Event: 1270.749 Thread 0x0000000015990800 flushing nmethod 0x00000000038c6950
Event: 1270.750 Thread 0x0000000015996000 flushing nmethod 0x0000000003a124d0
Event: 1270.763 Thread 0x0000000015990800 flushing nmethod 0x00000000040f6f10
Event: 1270.786 Thread 0x0000000015996000 flushing nmethod 0x0000000004383110


Dynamic libraries:
0x00007ff7c14d0000 - 0x00007ff7c1501000 	C:\Program Files\Android\Android Studio\jre\bin\java.exe
0x00007ffbe0560000 - 0x00007ffbe074d000 	C:\Windows\SYSTEM32\ntdll.dll
0x00007ffbdf1b0000 - 0x00007ffbdf263000 	C:\Windows\System32\KERNEL32.DLL
0x00007ffbdd3f0000 - 0x00007ffbdd683000 	C:\Windows\System32\KERNELBASE.dll
0x00007ffbdf3d0000 - 0x00007ffbdf473000 	C:\Windows\System32\ADVAPI32.dll
0x00007ffbdef40000 - 0x00007ffbdefde000 	C:\Windows\System32\msvcrt.dll
0x00007ffbe02a0000 - 0x00007ffbe033e000 	C:\Windows\System32\sechost.dll
0x00007ffbe00c0000 - 0x00007ffbe01e3000 	C:\Windows\System32\RPCRT4.dll
0x00007ffbdf690000 - 0x00007ffbdf827000 	C:\Windows\System32\USER32.dll
0x00007ffbdd010000 - 0x00007ffbdd030000 	C:\Windows\System32\win32u.dll
0x00007ffbdecb0000 - 0x00007ffbdecd9000 	C:\Windows\System32\GDI32.dll
0x00007ffbdd030000 - 0x00007ffbdd1ca000 	C:\Windows\System32\gdi32full.dll
0x00007ffbdd350000 - 0x00007ffbdd3f0000 	C:\Windows\System32\msvcp_win.dll
0x00007ffbdd6c0000 - 0x00007ffbdd7bc000 	C:\Windows\System32\ucrtbase.dll
0x00007ffbcb310000 - 0x00007ffbcb589000 	C:\Windows\WinSxS\amd64_microsoft.windows.common-controls_6595b64144ccf1df_6.0.17763.1_none_f040600eff408c2d\COMCTL32.dll
0x00007ffbdf910000 - 0x00007ffbdfc3e000 	C:\Windows\System32\combase.dll
0x00007ffbdd1d0000 - 0x00007ffbdd24e000 	C:\Windows\System32\bcryptPrimitives.dll
0x00007ffbe0260000 - 0x00007ffbe028e000 	C:\Windows\System32\IMM32.DLL
0x0000000064920000 - 0x00000000649f2000 	C:\Program Files\Android\Android Studio\jre\jre\bin\msvcr100.dll
0x0000000064b80000 - 0x00000000653cb000 	C:\Program Files\Android\Android Studio\jre\jre\bin\server\jvm.dll
0x00007ffbe0290000 - 0x00007ffbe0298000 	C:\Windows\System32\PSAPI.DLL
0x00007ffbd0da0000 - 0x00007ffbd0da9000 	C:\Windows\SYSTEM32\WSOCK32.dll
0x00007ffbe01f0000 - 0x00007ffbe025d000 	C:\Windows\System32\WS2_32.dll
0x00007ffbd9f30000 - 0x00007ffbd9f54000 	C:\Windows\SYSTEM32\WINMM.dll
0x00007ffbd5f40000 - 0x00007ffbd5f4a000 	C:\Windows\SYSTEM32\VERSION.dll
0x00007ffbd9f00000 - 0x00007ffbd9f2d000 	C:\Windows\SYSTEM32\WINMMBASE.dll
0x00007ffbdd300000 - 0x00007ffbdd34a000 	C:\Windows\System32\cfgmgr32.dll
0x00007ffbd2140000 - 0x00007ffbd214f000 	C:\Program Files\Android\Android Studio\jre\jre\bin\verify.dll
0x00007ffbbf1a0000 - 0x00007ffbbf1c9000 	C:\Program Files\Android\Android Studio\jre\jre\bin\java.dll
0x00007ffbca7d0000 - 0x00007ffbca7e6000 	C:\Program Files\Android\Android Studio\jre\jre\bin\zip.dll
0x00007ffbdd7c0000 - 0x00007ffbdecaf000 	C:\Windows\System32\SHELL32.dll
0x00007ffbdece0000 - 0x00007ffbded88000 	C:\Windows\System32\shcore.dll
0x00007ffbdc680000 - 0x00007ffbdcdc8000 	C:\Windows\System32\windows.storage.dll
0x00007ffbdc610000 - 0x00007ffbdc634000 	C:\Windows\System32\profapi.dll
0x00007ffbdc5b0000 - 0x00007ffbdc60d000 	C:\Windows\System32\powrprof.dll
0x00007ffbdf150000 - 0x00007ffbdf1a2000 	C:\Windows\System32\shlwapi.dll
0x00007ffbdc590000 - 0x00007ffbdc5a1000 	C:\Windows\System32\kernel.appcore.dll
0x00007ffbdc660000 - 0x00007ffbdc677000 	C:\Windows\System32\cryptsp.dll
0x00007ffbc0520000 - 0x00007ffbc053a000 	C:\Program Files\Android\Android Studio\jre\jre\bin\net.dll
0x00007ffbdbdc0000 - 0x00007ffbdbe27000 	C:\Windows\system32\mswsock.dll
0x00007ffbc0320000 - 0x00007ffbc0333000 	C:\Program Files\Android\Android Studio\jre\jre\bin\nio.dll
0x00007ffbaefd0000 - 0x00007ffbaeff7000 	C:\Users\Guadalupe\.gradle\native\f6784746aeab05261644944871eae4fe03e0ef1612fff0a4a95f87b438bc6780\windows-amd64\native-platform.dll
0x00007ffbc62d0000 - 0x00007ffbc62dd000 	C:\Program Files\Android\Android Studio\jre\jre\bin\management.dll
0x00007ffbdb980000 - 0x00007ffbdb9b3000 	C:\Windows\system32\rsaenh.dll
0x00007ffbdd690000 - 0x00007ffbdd6b6000 	C:\Windows\System32\bcrypt.dll
0x00007ffbdc490000 - 0x00007ffbdc4b8000 	C:\Windows\SYSTEM32\USERENV.dll
0x00007ffbdc1f0000 - 0x00007ffbdc1fc000 	C:\Windows\SYSTEM32\CRYPTBASE.dll
0x00007ffbdbb20000 - 0x00007ffbdbb5d000 	C:\Windows\SYSTEM32\IPHLPAPI.DLL
0x00007ffbe0550000 - 0x00007ffbe0558000 	C:\Windows\System32\NSI.dll
0x00007ffbd15b0000 - 0x00007ffbd15c6000 	C:\Windows\SYSTEM32\dhcpcsvc6.DLL
0x00007ffbd1590000 - 0x00007ffbd15ac000 	C:\Windows\SYSTEM32\dhcpcsvc.DLL
0x00007ffbdbb60000 - 0x00007ffbdbc26000 	C:\Windows\SYSTEM32\DNSAPI.dll
0x00007ffbd1690000 - 0x00007ffbd169b000 	C:\Windows\SYSTEM32\WINNSI.DLL
0x00007ffbdafa0000 - 0x00007ffbdb18d000 	C:\Windows\SYSTEM32\dbghelp.dll

VM Arguments:
jvm_args: -Xmx1536m -Dfile.encoding=windows-1252 -Duser.country=MX -Duser.language=es -Duser.variant 
java_command: org.gradle.launcher.daemon.bootstrap.GradleDaemon 6.5
java_class_path (initial): C:\Users\Guadalupe\.gradle\wrapper\dists\gradle-6.5-bin\6nifqtx7604sqp1q6g8wikw7p\gradle-6.5\lib\gradle-launcher-6.5.jar
Launcher Type: SUN_STANDARD

Environment Variables:
PATH=C:\Program Files (x86)\Common Files\Oracle\Java\javapath;C:\ProgramData\Oracle\Java\javapath;C:\Windows\system32;C:\Windows;C:\Windows\System32\Wbem;C:\Windows\System32\WindowsPowerShell\v1.0\;C:\Windows\System32\OpenSSH\;C:\Program Files\Git\cmd;C:\Program Files\nodejs\;C:\Users\Guadalupe\AppData\Local\Programs\Python\Python39\Scripts\;C:\Users\Guadalupe\AppData\Local\Programs\Python\Python39\;C:\Users\Guadalupe\AppData\Local\Microsoft\WindowsApps;C:\Users\Guadalupe\AppData\Local\Programs\Microsoft VS Code\bin;C:\Users\Guadalupe\AppData\Local\atom\bin;C:\Users\Guadalupe\AppData\Roaming\npm
USERNAME=Guadalupe
OS=Windows_NT
PROCESSOR_IDENTIFIER=Intel64 Family 6 Model 122 Stepping 1, GenuineIntel



---------------  S Y S T E M  ---------------

OS: Windows 10.0 , 64 bit Build 17763 (10.0.17763.1)

CPU:total 2 (initial active 2) (2 cores per cpu, 1 threads per core) family 6 model 122 stepping 1, cmov, cx8, fxsr, mmx, sse, sse2, sse3, ssse3, sse4.1, sse4.2, popcnt, aes, clmul, erms, 3dnowpref, tsc, tscinvbit

Memory: 4k page, physical 8199540k(2933100k free), swap 9510260k(3194576k free)

vm_info: OpenJDK 64-Bit Server VM (25.242-b01) for windows-amd64 JRE (1.8.0_242-release-1644-b01), built by "builder" with MS VC++ 10.0 (VS2010)

time: Thu Jun 10 22:40:12 2021
timezone: Hora de verano central (México)
elapsed time: 1271 seconds (0d 0h 21m 11s)

